<?xml version="1.0" encoding="UTF-8"?>
<!-- Generated by org.testng.reporters.JUnitReportReporter -->
<testsuite hostname="IN3253652W1" failures="0" tests="1" name="com.framework.testcases.TestRunner" time="85.637" errors="0" timestamp="2025-07-22T12:21:10 IST" skipped="0">
  <testcase classname="com.framework.testcases.TestRunner" name="runAllTests" time="85.637"/>
  <system-out/>
</testsuite> <!-- com.framework.testcases.TestRunner -->
