<?xml version="1.0" encoding="UTF-8"?>
<!-- Generated by org.testng.reporters.JUnitReportReporter -->
<testsuite hostname="IN3253652W1" failures="0" tests="1" name="com.framework.testcases.LoginTestChrome" time="96.099" errors="0" timestamp="2025-07-24T12:26:03 IST" skipped="0">
  <testcase classname="com.framework.testcases.LoginTestChrome" name="testLoginChrome" time="96.099"/>
  <system-out/>
</testsuite> <!-- com.framework.testcases.LoginTestChrome -->
