<?xml version="1.0" encoding="UTF-8"?>
<!-- Generated by org.testng.reporters.JUnitReportReporter -->
<testsuite hostname="IN3253652W1" failures="0" tests="1" name="com.framework.testcases.LoginTestExcel" time="24.744" errors="0" timestamp="2025-07-22T15:40:15 IST" skipped="0">
  <testcase classname="com.framework.testcases.LoginTestExcel" name="testLogin" time="24.744"/>
  <system-out/>
</testsuite> <!-- com.framework.testcases.LoginTestExcel -->
