<?xml version="1.0" encoding="UTF-8"?>
<!-- Generated by org.testng.reporters.JUnitReportReporter -->
<testsuite hostname="IN3253652W1" failures="0" tests="1" name="com.framework.testcases.DashboardCGHS" time="20.987" errors="0" timestamp="2025-07-22T12:21:10 IST" skipped="0">
  <testcase classname="com.framework.testcases.DashboardCGHS" name="testLogin" time="20.987"/>
  <system-out/>
</testsuite> <!-- com.framework.testcases.DashboardCGHS -->
